<?xml version="1.0" encoding="UTF-8"?>
<!-- Generated by org.testng.reporters.JUnitXMLReporter -->
<testsuite ignored="0" hostname="LAPTOP-RQPAENCM" failures="0" tests="3" name="Default test" time="74.728" errors="0" timestamp="2021-06-24T19:55:02 IST">
  <testcase classname="JumboCardOrderFlowTest" name="addProductsToCart" time="36.311"/>
  <testcase classname="JumboCardOrderFlowTest" name="billingDetails" time="7.773"/>
  <testcase classname="JumboCardOrderFlowTest" name="shippingDetails" time="14.041"/>
</testsuite> <!-- Default test -->
