<?xml version="1.0" encoding="UTF-8"?>
<!-- Generated by org.testng.reporters.JUnitXMLReporter -->
<testsuite ignored="0" hostname="LAPTOP-RQPAENCM" failures="0" tests="3" name="all-test" time="96.464" errors="0" timestamp="2021-06-23T17:38:16 IST">
  <testcase classname="JumboCardOrderFlowTest" name="addProductsToCart" time="48.414"/>
  <testcase classname="JumboCardOrderFlowTest" name="billingDetails" time="10.188"/>
  <testcase classname="JumboCardOrderFlowTest" name="shippingDetails" time="15.321"/>
</testsuite> <!-- all-test -->
