<?xml version="1.0" encoding="UTF-8"?>
<!-- Generated by org.testng.reporters.JUnitXMLReporter -->
<testsuite ignored="0" hostname="LAPTOP-RQPAENCM" failures="0" tests="3" name="all-test" time="73.475" errors="0" timestamp="2021-06-22T18:24:55 IST">
  <testcase classname="JumboCardOrderFlowTest" name="addProductsToCart" time="45.766"/>
  <testcase classname="JumboCardOrderFlowTest" name="billingDetails" time="6.53"/>
  <testcase classname="JumboCardOrderFlowTest" name="shippingDetails" time="10.547"/>
</testsuite> <!-- all-test -->
