<?xml version="1.0" encoding="UTF-8"?>
<testsuite xmlns:xsi="http://www.w3.org/2001/XMLSchema-instance" xsi:noNamespaceSchemaLocation="https://maven.apache.org/surefire/maven-surefire-plugin/xsd/surefire-test-report-3.0.xsd" version="3.0" name="TestSuite" time="75.574" tests="3" errors="0" skipped="0" failures="0">
  <properties>
[...]
</properties>
  <testcase name="addProductsToCart" classname="JumboCardOrderFlowTest" time="45.767"/>
  <testcase name="billingDetails" classname="JumboCardOrderFlowTest" time="6.527"/>
  <testcase name="shippingDetails" classname="JumboCardOrderFlowTest" time="10.544"/>
</testsuite>