<?xml version="1.0" encoding="UTF-8"?>
<testng-results ignored="0" total="3" passed="3" failed="0" skipped="0">
  <reporter-output>
  </reporter-output>
  <suite started-at="2021-06-22T18:23:41 IST" name="Suite" finished-at="2021-06-22T18:24:55 IST" duration-ms="73475">
    <groups>
    </groups>
    <test started-at="2021-06-22T18:23:41 IST" name="all-test" finished-at="2021-06-22T18:24:55 IST" duration-ms="73475">
      <class name="JumboCardOrderFlowTest">
        <test-method is-config="true" signature="setUp()[pri:0, instance:JumboCardOrderFlowTest@3a0d172f]" started-at="2021-06-22T18:23:41 IST" name="setUp" finished-at="2021-06-22T18:23:45 IST" duration-ms="3446" status="PASS">
          <reporter-output>
          </reporter-output>
        </test-method> <!-- setUp -->
        <test-method is-config="true" signature="openPage()[pri:0, instance:JumboCardOrderFlowTest@3a0d172f]" started-at="2021-06-22T18:23:45 IST" name="openPage" finished-at="2021-06-22T18:23:51 IST" duration-ms="6319" status="PASS">
          <reporter-output>
          </reporter-output>
        </test-method> <!-- openPage -->
        <test-method signature="addProductsToCart()[pri:1, instance:JumboCardOrderFlowTest@3a0d172f]" started-at="2021-06-22T18:23:51 IST" name="addProductsToCart" finished-at="2021-06-22T18:24:37 IST" duration-ms="45766" status="PASS">
          <reporter-output>
          </reporter-output>
        </test-method> <!-- addProductsToCart -->
        <test-method signature="billingDetails()[pri:2, instance:JumboCardOrderFlowTest@3a0d172f]" started-at="2021-06-22T18:24:37 IST" name="billingDetails" finished-at="2021-06-22T18:24:44 IST" duration-ms="6530" status="PASS">
          <reporter-output>
          </reporter-output>
        </test-method> <!-- billingDetails -->
        <test-method signature="shippingDetails()[pri:3, instance:JumboCardOrderFlowTest@3a0d172f]" started-at="2021-06-22T18:24:44 IST" name="shippingDetails" finished-at="2021-06-22T18:24:54 IST" duration-ms="10547" status="PASS">
          <reporter-output>
          </reporter-output>
        </test-method> <!-- shippingDetails -->
        <test-method is-config="true" signature="tearDown()[pri:0, instance:JumboCardOrderFlowTest@3a0d172f]" started-at="2021-06-22T18:24:54 IST" name="tearDown" finished-at="2021-06-22T18:24:55 IST" duration-ms="838" status="PASS">
          <reporter-output>
          </reporter-output>
        </test-method> <!-- tearDown -->
      </class> <!-- JumboCardOrderFlowTest -->
    </test> <!-- all-test -->
  </suite> <!-- Suite -->
</testng-results>
