<?xml version="1.0" encoding="UTF-8"?>
<testsuite xmlns:xsi="http://www.w3.org/2001/XMLSchema-instance" xsi:noNamespaceSchemaLocation="https://maven.apache.org/surefire/maven-surefire-plugin/xsd/surefire-test-report-3.0.xsd" version="3.0" name="TestSuite" time="60.103" tests="1" errors="0" skipped="0" failures="1">
  <properties>
[...]
</properties>
  <testcase name="verifyLoginWithValidCred" classname="LoginTest" time="52.398">
    <failure message="Expected condition failed: waiting for visibility of Proxy element for: DefaultElementLocator &apos;By.id: (//a[@class=&apos;hide-focus-ring&apos;])[3]&apos; (tried for 30 second(s) with 55 milliseconds interval)" type="org.openqa.selenium.TimeoutException"><![CDATA[org.openqa.selenium.TimeoutException: Expected condition failed: waiting for visibility of Proxy element for: DefaultElementLocator 'By.id: (//a[@class='hide-focus-ring'])[3]' (tried for 30 second(s) with 55 milliseconds interval)
	at LoginTest.verifyLoginWithValidCred(LoginTest.java:20)
Caused by: org.openqa.selenium.NoSuchElementException: 
no such element: Unable to locate element: {"method":"css selector","selector":"#\(\/\/a\[\@class\=\'hide\-focus\-ring\'\]\)\[3\]"}
  (Session info: chrome=91.0.4472.101)
For documentation on this error, please visit: https://www.seleniumhq.org/exceptions/no_such_element.html
Build info: version: '3.141.59', revision: 'e82be7d358', time: '2018-11-14T08:17:03'
System info: host: 'LAPTOP-RQPAENCM', ip: '192.168.43.57', os.name: 'Windows 10', os.arch: 'amd64', os.version: '10.0', java.version: '11.0.11'
Driver info: org.openqa.selenium.chrome.ChromeDriver
Capabilities {acceptInsecureCerts: false, browserName: chrome, browserVersion: 91.0.4472.101, chrome: {chromedriverVersion: 90.0.4430.24 (4c6d850f087da..., userDataDir: C:\Users\Anis\AppData\Local...}, goog:chromeOptions: {debuggerAddress: localhost:50867}, javascriptEnabled: true, networkConnectionEnabled: false, pageLoadStrategy: normal, platform: WINDOWS, platformName: WINDOWS, proxy: Proxy(), setWindowRect: true, strictFileInteractability: false, timeouts: {implicit: 0, pageLoad: 300000, script: 30000}, unhandledPromptBehavior: dismiss and notify, webauthn:extension:largeBlob: true, webauthn:virtualAuthenticators: true}
Session ID: 2c14dac03d34db9f751efc1cb91ce1ac
*** Element info: {Using=id, value=(//a[@class='hide-focus-ring'])[3]}
	at LoginTest.verifyLoginWithValidCred(LoginTest.java:20)
]]></failure>
    <system-out><![CDATA[[INFO ] 2021-06-14 19:14:34.667 [main] LoginPage - *******************LoginTest.verifyLoginWithValidCred started*******************
[DEBUG] 2021-06-14 19:14:34.700 [main] ExplicitWait - Waiting for the document to load
[INFO ] 2021-06-14 19:14:34.706 [main] JavaScriptHelper - return jQuery.active
[INFO ] 2021-06-14 19:14:34.748 [main] JavaScriptHelper - return document.readyState
[INFO ] 2021-06-14 19:14:34.766 [main] LoginPage - Wait Till Enters Text In TextField
[INFO ] 2021-06-14 19:14:34.794 [main] ExplicitWait - Waiting for element to be visible: [[ChromeDriver: chrome on WINDOWS (2c14dac03d34db9f751efc1cb91ce1ac)] -> xpath: //input[@aria-label='Search']]
[INFO ] 2021-06-14 19:14:34.816 [main] ExplicitWait - Waiting for element to be visible: [[ChromeDriver: chrome on WINDOWS (2c14dac03d34db9f751efc1cb91ce1ac)] -> xpath: //input[@aria-label='Search']]
[DEBUG] 2021-06-14 19:14:36.869 [main] ExplicitWait - Waiting for the document to load
[INFO ] 2021-06-14 19:14:36.869 [main] JavaScriptHelper - return jQuery.active
[INFO ] 2021-06-14 19:14:36.888 [main] JavaScriptHelper - return document.readyState
[INFO ] 2021-06-14 19:14:36.902 [main] LoginPage - Wait Till Clicks Images
[INFO ] 2021-06-14 19:14:46.936 [main] ExplicitWait - Waiting for element to be visible: Proxy element for: DefaultElementLocator 'By.id: (//a[@class='hide-focus-ring'])[3]'
[INFO ] 2021-06-14 19:14:56.949 [main] ExplicitWait - Waiting for element to be visible: Proxy element for: DefaultElementLocator 'By.id: (//a[@class='hide-focus-ring'])[3]'
]]></system-out>
    <system-err><![CDATA[Starting ChromeDriver 90.0.4430.24 (4c6d850f087da467d926e8eddb76550aed655991-refs/branch-heads/4430@{#429}) on port 15157
Only local connections are allowed.
Please see https://chromedriver.chromium.org/security-considerations for suggestions on keeping ChromeDriver safe.
ChromeDriver was started successfully.
[1623678270.827][WARNING]: This version of ChromeDriver has not been tested with Chrome version 91.
Jun 14, 2021 7:14:30 PM org.openqa.selenium.remote.ProtocolHandshake createSession
INFO: Detected dialect: W3C
]]></system-err>
  </testcase>
</testsuite>