<?xml version="1.0" encoding="UTF-8"?>
<testng-results ignored="0" total="3" passed="3" failed="0" skipped="0">
  <reporter-output>
  </reporter-output>
  <suite started-at="2021-06-24T19:53:48 IST" name="Default suite" finished-at="2021-06-24T19:55:02 IST" duration-ms="74728">
    <groups>
    </groups>
    <test started-at="2021-06-24T19:53:48 IST" name="Default test" finished-at="2021-06-24T19:55:02 IST" duration-ms="74728">
      <class name="JumboCardOrderFlowTest">
        <test-method is-config="true" signature="screenRecording()[pri:0, instance:JumboCardOrderFlowTest@2af004b]" started-at="2021-06-24T19:53:47 IST" name="screenRecording" finished-at="2021-06-24T19:53:48 IST" duration-ms="131" status="PASS">
          <reporter-output>
          </reporter-output>
        </test-method> <!-- screenRecording -->
        <test-method is-config="true" signature="setUp()[pri:0, instance:JumboCardOrderFlowTest@2af004b]" started-at="2021-06-24T19:53:48 IST" name="setUp" finished-at="2021-06-24T19:53:54 IST" duration-ms="5913" status="PASS">
          <reporter-output>
          </reporter-output>
        </test-method> <!-- setUp -->
        <test-method is-config="true" signature="openPage()[pri:0, instance:JumboCardOrderFlowTest@2af004b]" started-at="2021-06-24T19:53:54 IST" name="openPage" finished-at="2021-06-24T19:54:03 IST" duration-ms="9772" status="PASS">
          <reporter-output>
          </reporter-output>
        </test-method> <!-- openPage -->
        <test-method signature="addProductsToCart()[pri:1, instance:JumboCardOrderFlowTest@2af004b]" started-at="2021-06-24T19:54:03 IST" name="addProductsToCart" finished-at="2021-06-24T19:54:40 IST" duration-ms="36311" status="PASS">
          <reporter-output>
          </reporter-output>
        </test-method> <!-- addProductsToCart -->
        <test-method signature="billingDetails()[pri:2, instance:JumboCardOrderFlowTest@2af004b]" started-at="2021-06-24T19:54:40 IST" name="billingDetails" finished-at="2021-06-24T19:54:47 IST" duration-ms="7773" status="PASS">
          <reporter-output>
          </reporter-output>
        </test-method> <!-- billingDetails -->
        <test-method signature="shippingDetails()[pri:3, instance:JumboCardOrderFlowTest@2af004b]" started-at="2021-06-24T19:54:47 IST" name="shippingDetails" finished-at="2021-06-24T19:55:01 IST" duration-ms="14041" status="PASS">
          <reporter-output>
          </reporter-output>
        </test-method> <!-- shippingDetails -->
        <test-method is-config="true" signature="tearDown()[pri:0, instance:JumboCardOrderFlowTest@2af004b]" started-at="2021-06-24T19:55:01 IST" name="tearDown" finished-at="2021-06-24T19:55:02 IST" duration-ms="883" status="PASS">
          <reporter-output>
          </reporter-output>
        </test-method> <!-- tearDown -->
        <test-method is-config="true" signature="stopRecording()[pri:0, instance:JumboCardOrderFlowTest@2af004b]" started-at="2021-06-24T19:55:02 IST" name="stopRecording" finished-at="2021-06-24T19:55:03 IST" duration-ms="100" status="PASS">
          <reporter-output>
          </reporter-output>
        </test-method> <!-- stopRecording -->
      </class> <!-- JumboCardOrderFlowTest -->
    </test> <!-- Default test -->
  </suite> <!-- Default suite -->
</testng-results>
